# JRE version: OpenJDK Runtime Environment Temurin-17.0.11+9 (17.0.11+9) (build 17.0.11+9)
# Java VM: OpenJDK 64-Bit Server VM Temurin-17.0.11+9 (17.0.11+9, mixed mode, emulated-client, tiered, compressed oops, compressed class ptrs, g1 gc, windows-amd64)
GC Precious Log:
 CPUs: 4 total, 4 available
 Memory: 8070M
 Large Page Support: Disabled
 NUMA Support: Disabled
 Compressed Oops: Enabled (32-bit)
 Heap Region Size: 1M
 Heap Min Capacity: 8M
 Heap Initial Capacity: 128M
 Heap Max Capacity: 1G
 Pre-touch: Disabled
 Parallel Workers: 4
 Concurrent Workers: 1
 Concurrent Refinement Workers: 4
 Periodic GC: Disabled
Heap:
 garbage-first heap   total 75776K, used 25716K [0x00000000c0000000, 0x0000000100000000)
  region size 1024K, 1 young (1024K), 0 survivors (0K)
 Metaspace       used 41008K, committed 41472K, reserved 1114112K
  class space    used 5250K, committed 5440K, reserved 1048576K
GC Heap History (20 events):
Event: 412.360 GC heap before
{Heap before GC invocations=40 (full 30):
 garbage-first heap   total 75776K, used 25715K [0x00000000c0000000, 0x0000000100000000)
  region size 1024K, 1 young (1024K), 0 survivors (0K)
 Metaspace       used 40992K, committed 41472K, reserved 1114112K
  class space    used 5249K, committed 5440K, reserved 1048576K
}
Event: 412.391 GC heap after
{Heap after GC invocations=41 (full 31):
 garbage-first heap   total 75776K, used 25715K [0x00000000c0000000, 0x0000000100000000)
  region size 1024K, 0 young (0K), 0 survivors (0K)
 Metaspace       used 40992K, committed 41472K, reserved 1114112K
  class space    used 5249K, committed 5440K, reserved 1048576K
}
Event: 422.791 GC heap before
{Heap before GC invocations=41 (full 31):
 garbage-first heap   total 75776K, used 25715K [0x00000000c0000000, 0x0000000100000000)
  region size 1024K, 1 young (1024K), 0 survivors (0K)
 Metaspace       used 40992K, committed 41472K, reserved 1114112K
  class space    used 5249K, committed 5440K, reserved 1048576K
}
Event: 422.824 GC heap after
{Heap after GC invocations=42 (full 32):
 garbage-first heap   total 75776K, used 25715K [0x00000000c0000000, 0x0000000100000000)
  region size 1024K, 0 young (0K), 0 survivors (0K)
 Metaspace       used 40992K, committed 41472K, reserved 1114112K
  class space    used 5249K, committed 5440K, reserved 1048576K
}
Event: 433.590 GC heap before
{Heap before GC invocations=42 (full 32):
 garbage-first heap   total 75776K, used 25715K [0x00000000c0000000, 0x0000000100000000)
  region size 1024K, 1 young (1024K), 0 survivors (0K)
 Metaspace       used 40992K, committed 41472K, reserved 1114112K
  class space    used 5249K, committed 5440K, reserved 1048576K
}
Event: 433.629 GC heap after
{Heap after GC invocations=43 (full 33):
 garbage-first heap   total 75776K, used 25715K [0x00000000c0000000, 0x0000000100000000)
  region size 1024K, 0 young (0K), 0 survivors (0K)
 Metaspace       used 40992K, committed 41472K, reserved 1114112K
  class space    used 5249K, committed 5440K, reserved 1048576K
}
Event: 443.996 GC heap before
{Heap before GC invocations=43 (full 33):
 garbage-first heap   total 75776K, used 25715K [0x00000000c0000000, 0x0000000100000000)
  region size 1024K, 1 young (1024K), 0 survivors (0K)
 Metaspace       used 40992K, committed 41472K, reserved 1114112K
  class space    used 5249K, committed 5440K, reserved 1048576K
}
Event: 444.032 GC heap after
{Heap after GC invocations=44 (full 34):
 garbage-first heap   total 75776K, used 25715K [0x00000000c0000000, 0x0000000100000000)
  region size 1024K, 0 young (0K), 0 survivors (0K)
 Metaspace       used 40992K, committed 41472K, reserved 1114112K
  class space    used 5249K, committed 5440K, reserved 1048576K
}
Event: 454.404 GC heap before
{Heap before GC invocations=44 (full 34):
 garbage-first heap   total 75776K, used 25715K [0x00000000c0000000, 0x0000000100000000)
  region size 1024K, 1 young (1024K), 0 survivors (0K)
 Metaspace       used 40992K, committed 41472K, reserved 1114112K
  class space    used 5249K, committed 5440K, reserved 1048576K
}
Event: 454.438 GC heap after
{Heap after GC invocations=45 (full 35):
 garbage-first heap   total 75776K, used 25713K [0x00000000c0000000, 0x0000000100000000)
  region size 1024K, 0 young (0K), 0 survivors (0K)
 Metaspace       used 40992K, committed 41472K, reserved 1114112K
  class space    used 5249K, committed 5440K, reserved 1048576K
}
Event: 464.736 GC heap before
{Heap before GC invocations=45 (full 35):
 garbage-first heap   total 75776K, used 25713K [0x00000000c0000000, 0x0000000100000000)
  region size 1024K, 1 young (1024K), 0 survivors (0K)
 Metaspace       used 40992K, committed 41472K, reserved 1114112K
  class space    used 5249K, committed 5440K, reserved 1048576K
}
Event: 464.765 GC heap after
{Heap after GC invocations=46 (full 36):
 garbage-first heap   total 75776K, used 25713K [0x00000000c0000000, 0x0000000100000000)
  region size 1024K, 0 young (0K), 0 survivors (0K)
 Metaspace       used 40992K, committed 41472K, reserved 1114112K
  class space    used 5249K, committed 5440K, reserved 1048576K
}
Event: 475.070 GC heap before
{Heap before GC invocations=46 (full 36):
 garbage-first heap   total 75776K, used 25713K [0x00000000c0000000, 0x0000000100000000)
  region size 1024K, 1 young (1024K), 0 survivors (0K)
 Metaspace       used 40992K, committed 41472K, reserved 1114112K
  class space    used 5249K, committed 5440K, reserved 1048576K
}
Event: 475.105 GC heap after
{Heap after GC invocations=47 (full 37):
 garbage-first heap   total 75776K, used 25713K [0x00000000c0000000, 0x0000000100000000)
  region size 1024K, 0 young (0K), 0 survivors (0K)
 Metaspace       used 40992K, committed 41472K, reserved 1114112K
  class space    used 5249K, committed 5440K, reserved 1048576K
}
Event: 525.404 GC heap before
{Heap before GC invocations=47 (full 37):
 garbage-first heap   total 75776K, used 25713K [0x00000000c0000000, 0x0000000100000000)
  region size 1024K, 1 young (1024K), 0 survivors (0K)
 Metaspace       used 41008K, committed 41472K, reserved 1114112K
  class space    used 5250K, committed 5440K, reserved 1048576K
}
Event: 525.441 GC heap after
{Heap after GC invocations=48 (full 38):
 garbage-first heap   total 75776K, used 25718K [0x00000000c0000000, 0x0000000100000000)
  region size 1024K, 0 young (0K), 0 survivors (0K)
 Metaspace       used 41008K, committed 41472K, reserved 1114112K
  class space    used 5250K, committed 5440K, reserved 1048576K
}
Event: 536.321 GC heap before
{Heap before GC invocations=48 (full 38):
 garbage-first heap   total 75776K, used 25718K [0x00000000c0000000, 0x0000000100000000)
  region size 1024K, 1 young (1024K), 0 survivors (0K)
 Metaspace       used 41008K, committed 41472K, reserved 1114112K
  class space    used 5250K, committed 5440K, reserved 1048576K
}
Event: 536.356 GC heap after
{Heap after GC invocations=49 (full 39):
 garbage-first heap   total 75776K, used 25718K [0x00000000c0000000, 0x0000000100000000)
  region size 1024K, 0 young (0K), 0 survivors (0K)
 Metaspace       used 41008K, committed 41472K, reserved 1114112K
  class space    used 5250K, committed 5440K, reserved 1048576K
}
Event: 547.353 GC heap before
{Heap before GC invocations=49 (full 39):
 garbage-first heap   total 75776K, used 25718K [0x00000000c0000000, 0x0000000100000000)
  region size 1024K, 1 young (1024K), 0 survivors (0K)
 Metaspace       used 41008K, committed 41472K, reserved 1114112K
  class space    used 5250K, committed 5440K, reserved 1048576K
}
Event: 547.389 GC heap after
{Heap after GC invocations=50 (full 40):
 garbage-first heap   total 75776K, used 25716K [0x00000000c0000000, 0x0000000100000000)
  region size 1024K, 0 young (0K), 0 survivors (0K)
 Metaspace       used 41008K, committed 41472K, reserved 1114112K
  class space    used 5250K, committed 5440K, reserved 1048576K
}

